[2021-06-15 21:57:09,046] {taskinstance.py:669} INFO - Dependencies all met for <TaskInstance: dag_homer_simpson.tercera_parte 2021-06-15T21:55:33.245804+00:00 [queued]>
[2021-06-15 21:57:09,093] {taskinstance.py:669} INFO - Dependencies all met for <TaskInstance: dag_homer_simpson.tercera_parte 2021-06-15T21:55:33.245804+00:00 [queued]>
[2021-06-15 21:57:09,095] {taskinstance.py:879} INFO - 
--------------------------------------------------------------------------------
[2021-06-15 21:57:09,097] {taskinstance.py:880} INFO - Starting attempt 1 of 1
[2021-06-15 21:57:09,098] {taskinstance.py:881} INFO - 
--------------------------------------------------------------------------------
[2021-06-15 21:57:09,132] {taskinstance.py:900} INFO - Executing <Task(PythonOperator): tercera_parte> on 2021-06-15T21:55:33.245804+00:00
[2021-06-15 21:57:09,138] {standard_task_runner.py:53} INFO - Started process 1309 to run task
[2021-06-15 21:57:09,635] {logging_mixin.py:112} INFO - Running %s on host %s <TaskInstance: dag_homer_simpson.tercera_parte 2021-06-15T21:55:33.245804+00:00 [running]> 651693a3c8b0
[2021-06-15 21:57:09,850] {logging_mixin.py:112} INFO - Pudrete Flanders
[2021-06-15 21:57:09,852] {logging_mixin.py:112} INFO - Pudrete Flanders
[2021-06-15 21:57:09,854] {logging_mixin.py:112} INFO - Pudrete Flanders
[2021-06-15 21:57:09,855] {logging_mixin.py:112} INFO - Pudrete Flanders
[2021-06-15 21:57:09,857] {logging_mixin.py:112} INFO - Pudrete Flanders
[2021-06-15 21:57:09,858] {logging_mixin.py:112} INFO - Pudrete Flanders
[2021-06-15 21:57:09,860] {logging_mixin.py:112} INFO - Pudrete Flanders
[2021-06-15 21:57:09,862] {logging_mixin.py:112} INFO - Pudrete Flanders
[2021-06-15 21:57:09,863] {logging_mixin.py:112} INFO - Pudrete Flanders
[2021-06-15 21:57:09,865] {logging_mixin.py:112} INFO - Pudrete Flanders
[2021-06-15 21:57:09,867] {logging_mixin.py:112} INFO - Pudrete Flanders
[2021-06-15 21:57:09,868] {logging_mixin.py:112} INFO - Pudrete Flanders
[2021-06-15 21:57:09,871] {logging_mixin.py:112} INFO - Pudrete Flanders
[2021-06-15 21:57:09,872] {logging_mixin.py:112} INFO - Pudrete Flanders
[2021-06-15 21:57:09,874] {logging_mixin.py:112} INFO - Pudrete Flanders
[2021-06-15 21:57:09,875] {logging_mixin.py:112} INFO - Pudrete Flanders
[2021-06-15 21:57:09,876] {logging_mixin.py:112} INFO - Pudrete Flanders
[2021-06-15 21:57:09,878] {logging_mixin.py:112} INFO - Pudrete Flanders
[2021-06-15 21:57:09,879] {logging_mixin.py:112} INFO - Pudrete Flanders
[2021-06-15 21:57:09,880] {logging_mixin.py:112} INFO - Pudrete Flanders
[2021-06-15 21:57:09,881] {logging_mixin.py:112} INFO - Pudrete Flanders
[2021-06-15 21:57:09,884] {logging_mixin.py:112} INFO - Pudrete Flanders
[2021-06-15 21:57:09,885] {logging_mixin.py:112} INFO - Pudrete Flanders
[2021-06-15 21:57:09,888] {logging_mixin.py:112} INFO - Pudrete Flanders
[2021-06-15 21:57:09,889] {logging_mixin.py:112} INFO - Pudrete Flanders
[2021-06-15 21:57:09,891] {logging_mixin.py:112} INFO - Pudrete Flanders
[2021-06-15 21:57:09,893] {logging_mixin.py:112} INFO - Pudrete Flanders
[2021-06-15 21:57:09,894] {logging_mixin.py:112} INFO - Pudrete Flanders
[2021-06-15 21:57:09,895] {logging_mixin.py:112} INFO - Pudrete Flanders
[2021-06-15 21:57:09,897] {logging_mixin.py:112} INFO - Pudrete Flanders
[2021-06-15 21:57:09,899] {logging_mixin.py:112} INFO - Pudrete Flanders
[2021-06-15 21:57:09,900] {logging_mixin.py:112} INFO - Pudrete Flanders
[2021-06-15 21:57:09,901] {logging_mixin.py:112} INFO - Pudrete Flanders
[2021-06-15 21:57:09,903] {logging_mixin.py:112} INFO - Pudrete Flanders
[2021-06-15 21:57:09,905] {logging_mixin.py:112} INFO - Pudrete Flanders
[2021-06-15 21:57:09,907] {logging_mixin.py:112} INFO - Pudrete Flanders
[2021-06-15 21:57:09,908] {logging_mixin.py:112} INFO - Pudrete Flanders
[2021-06-15 21:57:09,910] {logging_mixin.py:112} INFO - Pudrete Flanders
[2021-06-15 21:57:09,911] {logging_mixin.py:112} INFO - Pudrete Flanders
[2021-06-15 21:57:09,913] {logging_mixin.py:112} INFO - Pudrete Flanders
[2021-06-15 21:57:09,914] {logging_mixin.py:112} INFO - Pudrete Flanders
[2021-06-15 21:57:09,916] {logging_mixin.py:112} INFO - Pudrete Flanders
[2021-06-15 21:57:09,917] {logging_mixin.py:112} INFO - Pudrete Flanders
[2021-06-15 21:57:09,918] {logging_mixin.py:112} INFO - Pudrete Flanders
[2021-06-15 21:57:09,920] {logging_mixin.py:112} INFO - Pudrete Flanders
[2021-06-15 21:57:09,921] {logging_mixin.py:112} INFO - Pudrete Flanders
[2021-06-15 21:57:09,922] {logging_mixin.py:112} INFO - Pudrete Flanders
[2021-06-15 21:57:09,924] {logging_mixin.py:112} INFO - Pudrete Flanders
[2021-06-15 21:57:09,925] {logging_mixin.py:112} INFO - Pudrete Flanders
[2021-06-15 21:57:09,927] {logging_mixin.py:112} INFO - Pudrete Flanders
[2021-06-15 21:57:09,928] {logging_mixin.py:112} INFO - Pudrete Flanders
[2021-06-15 21:57:09,929] {logging_mixin.py:112} INFO - Pudrete Flanders
[2021-06-15 21:57:09,930] {logging_mixin.py:112} INFO - Pudrete Flanders
[2021-06-15 21:57:09,932] {logging_mixin.py:112} INFO - Pudrete Flanders
[2021-06-15 21:57:09,934] {logging_mixin.py:112} INFO - Pudrete Flanders
[2021-06-15 21:57:09,935] {logging_mixin.py:112} INFO - Pudrete Flanders
[2021-06-15 21:57:09,937] {logging_mixin.py:112} INFO - Pudrete Flanders
[2021-06-15 21:57:09,938] {logging_mixin.py:112} INFO - Pudrete Flanders
[2021-06-15 21:57:09,939] {logging_mixin.py:112} INFO - Pudrete Flanders
[2021-06-15 21:57:09,941] {logging_mixin.py:112} INFO - Pudrete Flanders
[2021-06-15 21:57:09,942] {logging_mixin.py:112} INFO - Pudrete Flanders
[2021-06-15 21:57:09,943] {logging_mixin.py:112} INFO - Pudrete Flanders
[2021-06-15 21:57:09,945] {logging_mixin.py:112} INFO - Pudrete Flanders
[2021-06-15 21:57:09,946] {logging_mixin.py:112} INFO - Pudrete Flanders
[2021-06-15 21:57:09,947] {logging_mixin.py:112} INFO - Pudrete Flanders
[2021-06-15 21:57:09,948] {logging_mixin.py:112} INFO - Pudrete Flanders
[2021-06-15 21:57:09,950] {logging_mixin.py:112} INFO - Pudrete Flanders
[2021-06-15 21:57:09,951] {logging_mixin.py:112} INFO - Pudrete Flanders
[2021-06-15 21:57:09,952] {logging_mixin.py:112} INFO - Pudrete Flanders
[2021-06-15 21:57:09,953] {logging_mixin.py:112} INFO - Pudrete Flanders
[2021-06-15 21:57:09,955] {logging_mixin.py:112} INFO - Pudrete Flanders
[2021-06-15 21:57:09,957] {logging_mixin.py:112} INFO - Pudrete Flanders
[2021-06-15 21:57:09,958] {logging_mixin.py:112} INFO - Pudrete Flanders
[2021-06-15 21:57:09,960] {logging_mixin.py:112} INFO - Pudrete Flanders
[2021-06-15 21:57:09,962] {logging_mixin.py:112} INFO - Pudrete Flanders
[2021-06-15 21:57:09,963] {logging_mixin.py:112} INFO - Pudrete Flanders
[2021-06-15 21:57:09,964] {logging_mixin.py:112} INFO - Pudrete Flanders
[2021-06-15 21:57:09,965] {logging_mixin.py:112} INFO - Pudrete Flanders
[2021-06-15 21:57:09,967] {logging_mixin.py:112} INFO - Pudrete Flanders
[2021-06-15 21:57:09,968] {logging_mixin.py:112} INFO - Pudrete Flanders
[2021-06-15 21:57:09,970] {logging_mixin.py:112} INFO - Pudrete Flanders
[2021-06-15 21:57:09,972] {logging_mixin.py:112} INFO - Pudrete Flanders
[2021-06-15 21:57:09,973] {logging_mixin.py:112} INFO - Pudrete Flanders
[2021-06-15 21:57:09,975] {logging_mixin.py:112} INFO - Pudrete Flanders
[2021-06-15 21:57:09,976] {logging_mixin.py:112} INFO - Pudrete Flanders
[2021-06-15 21:57:09,978] {logging_mixin.py:112} INFO - Pudrete Flanders
[2021-06-15 21:57:09,979] {logging_mixin.py:112} INFO - Pudrete Flanders
[2021-06-15 21:57:09,981] {logging_mixin.py:112} INFO - Pudrete Flanders
[2021-06-15 21:57:09,982] {logging_mixin.py:112} INFO - Pudrete Flanders
[2021-06-15 21:57:09,983] {logging_mixin.py:112} INFO - Pudrete Flanders
[2021-06-15 21:57:09,984] {logging_mixin.py:112} INFO - Pudrete Flanders
[2021-06-15 21:57:09,986] {logging_mixin.py:112} INFO - Pudrete Flanders
[2021-06-15 21:57:09,987] {logging_mixin.py:112} INFO - Pudrete Flanders
[2021-06-15 21:57:09,988] {logging_mixin.py:112} INFO - Pudrete Flanders
[2021-06-15 21:57:09,990] {logging_mixin.py:112} INFO - Pudrete Flanders
[2021-06-15 21:57:09,991] {logging_mixin.py:112} INFO - Pudrete Flanders
[2021-06-15 21:57:09,993] {logging_mixin.py:112} INFO - Pudrete Flanders
[2021-06-15 21:57:09,994] {logging_mixin.py:112} INFO - Pudrete Flanders
[2021-06-15 21:57:09,995] {logging_mixin.py:112} INFO - Pudrete Flanders
[2021-06-15 21:57:09,996] {logging_mixin.py:112} INFO - Pudrete Flanders
[2021-06-15 21:57:09,998] {logging_mixin.py:112} INFO - Pudrete Flanders
[2021-06-15 21:57:09,999] {logging_mixin.py:112} INFO - Pudrete Flanders
[2021-06-15 21:57:10,000] {logging_mixin.py:112} INFO - Pudrete Flanders
[2021-06-15 21:57:10,001] {logging_mixin.py:112} INFO - Pudrete Flanders
[2021-06-15 21:57:10,003] {logging_mixin.py:112} INFO - Pudrete Flanders
[2021-06-15 21:57:10,005] {logging_mixin.py:112} INFO - Pudrete Flanders
[2021-06-15 21:57:10,006] {logging_mixin.py:112} INFO - Pudrete Flanders
[2021-06-15 21:57:10,008] {logging_mixin.py:112} INFO - Pudrete Flanders
[2021-06-15 21:57:10,009] {logging_mixin.py:112} INFO - Pudrete Flanders
[2021-06-15 21:57:10,011] {logging_mixin.py:112} INFO - Pudrete Flanders
[2021-06-15 21:57:10,012] {logging_mixin.py:112} INFO - Pudrete Flanders
[2021-06-15 21:57:10,014] {logging_mixin.py:112} INFO - Pudrete Flanders
[2021-06-15 21:57:10,016] {logging_mixin.py:112} INFO - Pudrete Flanders
[2021-06-15 21:57:10,018] {logging_mixin.py:112} INFO - Pudrete Flanders
[2021-06-15 21:57:10,019] {logging_mixin.py:112} INFO - Pudrete Flanders
[2021-06-15 21:57:10,020] {logging_mixin.py:112} INFO - Pudrete Flanders
[2021-06-15 21:57:10,022] {logging_mixin.py:112} INFO - Pudrete Flanders
[2021-06-15 21:57:10,023] {logging_mixin.py:112} INFO - Pudrete Flanders
[2021-06-15 21:57:10,024] {logging_mixin.py:112} INFO - Pudrete Flanders
[2021-06-15 21:57:10,026] {logging_mixin.py:112} INFO - Pudrete Flanders
[2021-06-15 21:57:10,027] {logging_mixin.py:112} INFO - Pudrete Flanders
[2021-06-15 21:57:10,028] {logging_mixin.py:112} INFO - Pudrete Flanders
[2021-06-15 21:57:10,030] {logging_mixin.py:112} INFO - Pudrete Flanders
[2021-06-15 21:57:10,031] {logging_mixin.py:112} INFO - Pudrete Flanders
[2021-06-15 21:57:10,032] {logging_mixin.py:112} INFO - Pudrete Flanders
[2021-06-15 21:57:10,034] {logging_mixin.py:112} INFO - Pudrete Flanders
[2021-06-15 21:57:10,036] {logging_mixin.py:112} INFO - Pudrete Flanders
[2021-06-15 21:57:10,037] {logging_mixin.py:112} INFO - Pudrete Flanders
[2021-06-15 21:57:10,039] {logging_mixin.py:112} INFO - Pudrete Flanders
[2021-06-15 21:57:10,040] {logging_mixin.py:112} INFO - Pudrete Flanders
[2021-06-15 21:57:10,042] {logging_mixin.py:112} INFO - Pudrete Flanders
[2021-06-15 21:57:10,044] {logging_mixin.py:112} INFO - Pudrete Flanders
[2021-06-15 21:57:10,045] {logging_mixin.py:112} INFO - Pudrete Flanders
[2021-06-15 21:57:10,047] {logging_mixin.py:112} INFO - Pudrete Flanders
[2021-06-15 21:57:10,048] {logging_mixin.py:112} INFO - Pudrete Flanders
[2021-06-15 21:57:10,050] {logging_mixin.py:112} INFO - Pudrete Flanders
[2021-06-15 21:57:10,051] {logging_mixin.py:112} INFO - Pudrete Flanders
[2021-06-15 21:57:10,053] {logging_mixin.py:112} INFO - Pudrete Flanders
[2021-06-15 21:57:10,055] {logging_mixin.py:112} INFO - Pudrete Flanders
[2021-06-15 21:57:10,056] {logging_mixin.py:112} INFO - Pudrete Flanders
[2021-06-15 21:57:10,057] {logging_mixin.py:112} INFO - Pudrete Flanders
[2021-06-15 21:57:10,058] {logging_mixin.py:112} INFO - Pudrete Flanders
[2021-06-15 21:57:10,059] {logging_mixin.py:112} INFO - Pudrete Flanders
[2021-06-15 21:57:10,061] {logging_mixin.py:112} INFO - Pudrete Flanders
[2021-06-15 21:57:10,062] {logging_mixin.py:112} INFO - Pudrete Flanders
[2021-06-15 21:57:10,064] {logging_mixin.py:112} INFO - Pudrete Flanders
[2021-06-15 21:57:10,065] {logging_mixin.py:112} INFO - Pudrete Flanders
[2021-06-15 21:57:10,066] {logging_mixin.py:112} INFO - Pudrete Flanders
[2021-06-15 21:57:10,068] {logging_mixin.py:112} INFO - Pudrete Flanders
[2021-06-15 21:57:10,070] {logging_mixin.py:112} INFO - Pudrete Flanders
[2021-06-15 21:57:10,072] {python_operator.py:114} INFO - Done. Returned value was: None
[2021-06-15 21:57:10,107] {taskinstance.py:1065} INFO - Marking task as SUCCESS.dag_id=dag_homer_simpson, task_id=tercera_parte, execution_date=20210615T215533, start_date=20210615T215709, end_date=20210615T215710
[2021-06-15 21:57:19,007] {logging_mixin.py:112} INFO - [2021-06-15 21:57:19,006] {local_task_job.py:103} INFO - Task exited with return code 0
