[2021-06-15 22:32:21,117] {taskinstance.py:669} INFO - Dependencies all met for <TaskInstance: dag_homer_simpson.tercera_parte 2021-06-15T22:31:46.714761+00:00 [queued]>
[2021-06-15 22:32:21,172] {taskinstance.py:669} INFO - Dependencies all met for <TaskInstance: dag_homer_simpson.tercera_parte 2021-06-15T22:31:46.714761+00:00 [queued]>
[2021-06-15 22:32:21,186] {taskinstance.py:879} INFO - 
--------------------------------------------------------------------------------
[2021-06-15 22:32:21,188] {taskinstance.py:880} INFO - Starting attempt 1 of 1
[2021-06-15 22:32:21,190] {taskinstance.py:881} INFO - 
--------------------------------------------------------------------------------
[2021-06-15 22:32:21,221] {taskinstance.py:900} INFO - Executing <Task(PythonOperator): tercera_parte> on 2021-06-15T22:31:46.714761+00:00
[2021-06-15 22:32:21,229] {standard_task_runner.py:53} INFO - Started process 886 to run task
[2021-06-15 22:32:21,538] {logging_mixin.py:112} INFO - Running %s on host %s <TaskInstance: dag_homer_simpson.tercera_parte 2021-06-15T22:31:46.714761+00:00 [running]> 651693a3c8b0
[2021-06-15 22:32:21,592] {logging_mixin.py:112} INFO - Pudrete Flanders
[2021-06-15 22:32:21,608] {logging_mixin.py:112} INFO - Pudrete Flanders
[2021-06-15 22:32:21,632] {logging_mixin.py:112} INFO - Pudrete Flanders
[2021-06-15 22:32:21,645] {logging_mixin.py:112} INFO - Pudrete Flanders
[2021-06-15 22:32:21,663] {logging_mixin.py:112} INFO - Pudrete Flanders
[2021-06-15 22:32:21,665] {logging_mixin.py:112} INFO - Pudrete Flanders
[2021-06-15 22:32:21,680] {logging_mixin.py:112} INFO - Pudrete Flanders
[2021-06-15 22:32:21,682] {logging_mixin.py:112} INFO - Pudrete Flanders
[2021-06-15 22:32:21,683] {logging_mixin.py:112} INFO - Pudrete Flanders
[2021-06-15 22:32:21,685] {logging_mixin.py:112} INFO - Pudrete Flanders
[2021-06-15 22:32:21,686] {logging_mixin.py:112} INFO - Pudrete Flanders
[2021-06-15 22:32:21,688] {logging_mixin.py:112} INFO - Pudrete Flanders
[2021-06-15 22:32:21,690] {logging_mixin.py:112} INFO - Pudrete Flanders
[2021-06-15 22:32:21,691] {logging_mixin.py:112} INFO - Pudrete Flanders
[2021-06-15 22:32:21,692] {logging_mixin.py:112} INFO - Pudrete Flanders
[2021-06-15 22:32:21,694] {logging_mixin.py:112} INFO - Pudrete Flanders
[2021-06-15 22:32:21,695] {logging_mixin.py:112} INFO - Pudrete Flanders
[2021-06-15 22:32:21,697] {logging_mixin.py:112} INFO - Pudrete Flanders
[2021-06-15 22:32:21,699] {logging_mixin.py:112} INFO - Pudrete Flanders
[2021-06-15 22:32:21,700] {logging_mixin.py:112} INFO - Pudrete Flanders
[2021-06-15 22:32:21,702] {logging_mixin.py:112} INFO - Pudrete Flanders
[2021-06-15 22:32:21,704] {logging_mixin.py:112} INFO - Pudrete Flanders
[2021-06-15 22:32:21,705] {logging_mixin.py:112} INFO - Pudrete Flanders
[2021-06-15 22:32:21,706] {logging_mixin.py:112} INFO - Pudrete Flanders
[2021-06-15 22:32:21,708] {logging_mixin.py:112} INFO - Pudrete Flanders
[2021-06-15 22:32:21,710] {logging_mixin.py:112} INFO - Pudrete Flanders
[2021-06-15 22:32:21,711] {logging_mixin.py:112} INFO - Pudrete Flanders
[2021-06-15 22:32:21,713] {logging_mixin.py:112} INFO - Pudrete Flanders
[2021-06-15 22:32:21,716] {logging_mixin.py:112} INFO - Pudrete Flanders
[2021-06-15 22:32:21,717] {logging_mixin.py:112} INFO - Pudrete Flanders
[2021-06-15 22:32:21,719] {logging_mixin.py:112} INFO - Pudrete Flanders
[2021-06-15 22:32:21,721] {logging_mixin.py:112} INFO - Pudrete Flanders
[2021-06-15 22:32:21,723] {logging_mixin.py:112} INFO - Pudrete Flanders
[2021-06-15 22:32:21,724] {logging_mixin.py:112} INFO - Pudrete Flanders
[2021-06-15 22:32:21,726] {logging_mixin.py:112} INFO - Pudrete Flanders
[2021-06-15 22:32:21,727] {logging_mixin.py:112} INFO - Pudrete Flanders
[2021-06-15 22:32:21,729] {logging_mixin.py:112} INFO - Pudrete Flanders
[2021-06-15 22:32:21,731] {logging_mixin.py:112} INFO - Pudrete Flanders
[2021-06-15 22:32:21,732] {logging_mixin.py:112} INFO - Pudrete Flanders
[2021-06-15 22:32:21,734] {logging_mixin.py:112} INFO - Pudrete Flanders
[2021-06-15 22:32:21,735] {logging_mixin.py:112} INFO - Pudrete Flanders
[2021-06-15 22:32:21,737] {logging_mixin.py:112} INFO - Pudrete Flanders
[2021-06-15 22:32:21,739] {logging_mixin.py:112} INFO - Pudrete Flanders
[2021-06-15 22:32:21,740] {logging_mixin.py:112} INFO - Pudrete Flanders
[2021-06-15 22:32:21,742] {logging_mixin.py:112} INFO - Pudrete Flanders
[2021-06-15 22:32:21,744] {logging_mixin.py:112} INFO - Pudrete Flanders
[2021-06-15 22:32:21,745] {logging_mixin.py:112} INFO - Pudrete Flanders
[2021-06-15 22:32:21,747] {logging_mixin.py:112} INFO - Pudrete Flanders
[2021-06-15 22:32:21,748] {logging_mixin.py:112} INFO - Pudrete Flanders
[2021-06-15 22:32:21,750] {logging_mixin.py:112} INFO - Pudrete Flanders
[2021-06-15 22:32:21,751] {logging_mixin.py:112} INFO - Pudrete Flanders
[2021-06-15 22:32:21,753] {logging_mixin.py:112} INFO - Pudrete Flanders
[2021-06-15 22:32:21,755] {logging_mixin.py:112} INFO - Pudrete Flanders
[2021-06-15 22:32:21,757] {logging_mixin.py:112} INFO - Pudrete Flanders
[2021-06-15 22:32:21,758] {logging_mixin.py:112} INFO - Pudrete Flanders
[2021-06-15 22:32:21,760] {logging_mixin.py:112} INFO - Pudrete Flanders
[2021-06-15 22:32:21,762] {logging_mixin.py:112} INFO - Pudrete Flanders
[2021-06-15 22:32:21,763] {logging_mixin.py:112} INFO - Pudrete Flanders
[2021-06-15 22:32:21,765] {logging_mixin.py:112} INFO - Pudrete Flanders
[2021-06-15 22:32:21,766] {logging_mixin.py:112} INFO - Pudrete Flanders
[2021-06-15 22:32:21,768] {logging_mixin.py:112} INFO - Pudrete Flanders
[2021-06-15 22:32:21,769] {logging_mixin.py:112} INFO - Pudrete Flanders
[2021-06-15 22:32:21,771] {logging_mixin.py:112} INFO - Pudrete Flanders
[2021-06-15 22:32:21,805] {logging_mixin.py:112} INFO - Pudrete Flanders
[2021-06-15 22:32:21,819] {logging_mixin.py:112} INFO - Pudrete Flanders
[2021-06-15 22:32:21,821] {logging_mixin.py:112} INFO - Pudrete Flanders
[2021-06-15 22:32:21,827] {logging_mixin.py:112} INFO - Pudrete Flanders
[2021-06-15 22:32:21,830] {logging_mixin.py:112} INFO - Pudrete Flanders
[2021-06-15 22:32:21,832] {logging_mixin.py:112} INFO - Pudrete Flanders
[2021-06-15 22:32:21,833] {logging_mixin.py:112} INFO - Pudrete Flanders
[2021-06-15 22:32:21,835] {logging_mixin.py:112} INFO - Pudrete Flanders
[2021-06-15 22:32:21,841] {logging_mixin.py:112} INFO - Pudrete Flanders
[2021-06-15 22:32:21,843] {logging_mixin.py:112} INFO - Pudrete Flanders
[2021-06-15 22:32:21,844] {logging_mixin.py:112} INFO - Pudrete Flanders
[2021-06-15 22:32:21,846] {logging_mixin.py:112} INFO - Pudrete Flanders
[2021-06-15 22:32:21,847] {logging_mixin.py:112} INFO - Pudrete Flanders
[2021-06-15 22:32:21,849] {logging_mixin.py:112} INFO - Pudrete Flanders
[2021-06-15 22:32:21,850] {logging_mixin.py:112} INFO - Pudrete Flanders
[2021-06-15 22:32:21,852] {logging_mixin.py:112} INFO - Pudrete Flanders
[2021-06-15 22:32:21,854] {logging_mixin.py:112} INFO - Pudrete Flanders
[2021-06-15 22:32:21,856] {logging_mixin.py:112} INFO - Pudrete Flanders
[2021-06-15 22:32:21,857] {logging_mixin.py:112} INFO - Pudrete Flanders
[2021-06-15 22:32:21,859] {logging_mixin.py:112} INFO - Pudrete Flanders
[2021-06-15 22:32:21,861] {logging_mixin.py:112} INFO - Pudrete Flanders
[2021-06-15 22:32:21,864] {logging_mixin.py:112} INFO - Pudrete Flanders
[2021-06-15 22:32:21,866] {logging_mixin.py:112} INFO - Pudrete Flanders
[2021-06-15 22:32:21,867] {logging_mixin.py:112} INFO - Pudrete Flanders
[2021-06-15 22:32:21,869] {logging_mixin.py:112} INFO - Pudrete Flanders
[2021-06-15 22:32:21,870] {logging_mixin.py:112} INFO - Pudrete Flanders
[2021-06-15 22:32:21,872] {logging_mixin.py:112} INFO - Pudrete Flanders
[2021-06-15 22:32:21,873] {logging_mixin.py:112} INFO - Pudrete Flanders
[2021-06-15 22:32:21,874] {logging_mixin.py:112} INFO - Pudrete Flanders
[2021-06-15 22:32:21,875] {logging_mixin.py:112} INFO - Pudrete Flanders
[2021-06-15 22:32:21,877] {logging_mixin.py:112} INFO - Pudrete Flanders
[2021-06-15 22:32:21,878] {logging_mixin.py:112} INFO - Pudrete Flanders
[2021-06-15 22:32:21,879] {logging_mixin.py:112} INFO - Pudrete Flanders
[2021-06-15 22:32:21,880] {logging_mixin.py:112} INFO - Pudrete Flanders
[2021-06-15 22:32:21,881] {logging_mixin.py:112} INFO - Pudrete Flanders
[2021-06-15 22:32:21,890] {logging_mixin.py:112} INFO - Pudrete Flanders
[2021-06-15 22:32:21,893] {logging_mixin.py:112} INFO - Pudrete Flanders
[2021-06-15 22:32:21,895] {logging_mixin.py:112} INFO - Pudrete Flanders
[2021-06-15 22:32:21,897] {logging_mixin.py:112} INFO - Pudrete Flanders
[2021-06-15 22:32:21,900] {logging_mixin.py:112} INFO - Pudrete Flanders
[2021-06-15 22:32:21,903] {logging_mixin.py:112} INFO - Pudrete Flanders
[2021-06-15 22:32:21,905] {logging_mixin.py:112} INFO - Pudrete Flanders
[2021-06-15 22:32:21,908] {logging_mixin.py:112} INFO - Pudrete Flanders
[2021-06-15 22:32:21,910] {logging_mixin.py:112} INFO - Pudrete Flanders
[2021-06-15 22:32:21,919] {logging_mixin.py:112} INFO - Pudrete Flanders
[2021-06-15 22:32:21,921] {logging_mixin.py:112} INFO - Pudrete Flanders
[2021-06-15 22:32:21,924] {logging_mixin.py:112} INFO - Pudrete Flanders
[2021-06-15 22:32:21,926] {logging_mixin.py:112} INFO - Pudrete Flanders
[2021-06-15 22:32:21,929] {logging_mixin.py:112} INFO - Pudrete Flanders
[2021-06-15 22:32:21,932] {logging_mixin.py:112} INFO - Pudrete Flanders
[2021-06-15 22:32:21,934] {logging_mixin.py:112} INFO - Pudrete Flanders
[2021-06-15 22:32:21,938] {logging_mixin.py:112} INFO - Pudrete Flanders
[2021-06-15 22:32:21,940] {logging_mixin.py:112} INFO - Pudrete Flanders
[2021-06-15 22:32:21,944] {logging_mixin.py:112} INFO - Pudrete Flanders
[2021-06-15 22:32:21,948] {logging_mixin.py:112} INFO - Pudrete Flanders
[2021-06-15 22:32:21,951] {logging_mixin.py:112} INFO - Pudrete Flanders
[2021-06-15 22:32:21,956] {logging_mixin.py:112} INFO - Pudrete Flanders
[2021-06-15 22:32:21,959] {logging_mixin.py:112} INFO - Pudrete Flanders
[2021-06-15 22:32:21,964] {logging_mixin.py:112} INFO - Pudrete Flanders
[2021-06-15 22:32:21,967] {logging_mixin.py:112} INFO - Pudrete Flanders
[2021-06-15 22:32:21,971] {logging_mixin.py:112} INFO - Pudrete Flanders
[2021-06-15 22:32:21,975] {logging_mixin.py:112} INFO - Pudrete Flanders
[2021-06-15 22:32:21,978] {logging_mixin.py:112} INFO - Pudrete Flanders
[2021-06-15 22:32:21,981] {logging_mixin.py:112} INFO - Pudrete Flanders
[2021-06-15 22:32:21,983] {logging_mixin.py:112} INFO - Pudrete Flanders
[2021-06-15 22:32:21,986] {logging_mixin.py:112} INFO - Pudrete Flanders
[2021-06-15 22:32:21,989] {logging_mixin.py:112} INFO - Pudrete Flanders
[2021-06-15 22:32:21,994] {logging_mixin.py:112} INFO - Pudrete Flanders
[2021-06-15 22:32:21,998] {logging_mixin.py:112} INFO - Pudrete Flanders
[2021-06-15 22:32:22,000] {logging_mixin.py:112} INFO - Pudrete Flanders
[2021-06-15 22:32:22,002] {logging_mixin.py:112} INFO - Pudrete Flanders
[2021-06-15 22:32:22,004] {logging_mixin.py:112} INFO - Pudrete Flanders
[2021-06-15 22:32:22,006] {logging_mixin.py:112} INFO - Pudrete Flanders
[2021-06-15 22:32:22,008] {logging_mixin.py:112} INFO - Pudrete Flanders
[2021-06-15 22:32:22,010] {logging_mixin.py:112} INFO - Pudrete Flanders
[2021-06-15 22:32:22,014] {logging_mixin.py:112} INFO - Pudrete Flanders
[2021-06-15 22:32:22,016] {logging_mixin.py:112} INFO - Pudrete Flanders
[2021-06-15 22:32:22,017] {logging_mixin.py:112} INFO - Pudrete Flanders
[2021-06-15 22:32:22,019] {logging_mixin.py:112} INFO - Pudrete Flanders
[2021-06-15 22:32:22,022] {logging_mixin.py:112} INFO - Pudrete Flanders
[2021-06-15 22:32:22,024] {logging_mixin.py:112} INFO - Pudrete Flanders
[2021-06-15 22:32:22,027] {logging_mixin.py:112} INFO - Pudrete Flanders
[2021-06-15 22:32:22,030] {logging_mixin.py:112} INFO - Pudrete Flanders
[2021-06-15 22:32:22,033] {logging_mixin.py:112} INFO - Pudrete Flanders
[2021-06-15 22:32:22,050] {logging_mixin.py:112} INFO - Pudrete Flanders
[2021-06-15 22:32:22,055] {logging_mixin.py:112} INFO - Pudrete Flanders
[2021-06-15 22:32:22,058] {logging_mixin.py:112} INFO - Pudrete Flanders
[2021-06-15 22:32:22,062] {python_operator.py:114} INFO - Done. Returned value was: None
[2021-06-15 22:32:22,106] {taskinstance.py:1065} INFO - Marking task as SUCCESS.dag_id=dag_homer_simpson, task_id=tercera_parte, execution_date=20210615T223146, start_date=20210615T223221, end_date=20210615T223222
[2021-06-15 22:32:31,009] {logging_mixin.py:112} INFO - [2021-06-15 22:32:31,009] {local_task_job.py:103} INFO - Task exited with return code 0
