[2021-06-15 22:25:09,646] {taskinstance.py:669} INFO - Dependencies all met for <TaskInstance: dag_homer_simpson.tercera_parte 2021-06-15T22:24:25.379776+00:00 [queued]>
[2021-06-15 22:25:09,683] {taskinstance.py:669} INFO - Dependencies all met for <TaskInstance: dag_homer_simpson.tercera_parte 2021-06-15T22:24:25.379776+00:00 [queued]>
[2021-06-15 22:25:09,685] {taskinstance.py:879} INFO - 
--------------------------------------------------------------------------------
[2021-06-15 22:25:09,687] {taskinstance.py:880} INFO - Starting attempt 1 of 1
[2021-06-15 22:25:09,688] {taskinstance.py:881} INFO - 
--------------------------------------------------------------------------------
[2021-06-15 22:25:09,718] {taskinstance.py:900} INFO - Executing <Task(PythonOperator): tercera_parte> on 2021-06-15T22:24:25.379776+00:00
[2021-06-15 22:25:09,733] {standard_task_runner.py:53} INFO - Started process 769 to run task
[2021-06-15 22:25:09,964] {logging_mixin.py:112} INFO - Running %s on host %s <TaskInstance: dag_homer_simpson.tercera_parte 2021-06-15T22:24:25.379776+00:00 [running]> 651693a3c8b0
[2021-06-15 22:25:10,007] {logging_mixin.py:112} INFO - Pudrete Flanders
[2021-06-15 22:25:10,008] {logging_mixin.py:112} INFO - Pudrete Flanders
[2021-06-15 22:25:10,010] {logging_mixin.py:112} INFO - Pudrete Flanders
[2021-06-15 22:25:10,011] {logging_mixin.py:112} INFO - Pudrete Flanders
[2021-06-15 22:25:10,013] {logging_mixin.py:112} INFO - Pudrete Flanders
[2021-06-15 22:25:10,015] {logging_mixin.py:112} INFO - Pudrete Flanders
[2021-06-15 22:25:10,021] {logging_mixin.py:112} INFO - Pudrete Flanders
[2021-06-15 22:25:10,023] {logging_mixin.py:112} INFO - Pudrete Flanders
[2021-06-15 22:25:10,025] {logging_mixin.py:112} INFO - Pudrete Flanders
[2021-06-15 22:25:10,027] {logging_mixin.py:112} INFO - Pudrete Flanders
[2021-06-15 22:25:10,031] {logging_mixin.py:112} INFO - Pudrete Flanders
[2021-06-15 22:25:10,035] {logging_mixin.py:112} INFO - Pudrete Flanders
[2021-06-15 22:25:10,037] {logging_mixin.py:112} INFO - Pudrete Flanders
[2021-06-15 22:25:10,039] {logging_mixin.py:112} INFO - Pudrete Flanders
[2021-06-15 22:25:10,042] {logging_mixin.py:112} INFO - Pudrete Flanders
[2021-06-15 22:25:10,044] {logging_mixin.py:112} INFO - Pudrete Flanders
[2021-06-15 22:25:10,046] {logging_mixin.py:112} INFO - Pudrete Flanders
[2021-06-15 22:25:10,048] {logging_mixin.py:112} INFO - Pudrete Flanders
[2021-06-15 22:25:10,050] {logging_mixin.py:112} INFO - Pudrete Flanders
[2021-06-15 22:25:10,052] {logging_mixin.py:112} INFO - Pudrete Flanders
[2021-06-15 22:25:10,054] {logging_mixin.py:112} INFO - Pudrete Flanders
[2021-06-15 22:25:10,056] {logging_mixin.py:112} INFO - Pudrete Flanders
[2021-06-15 22:25:10,059] {logging_mixin.py:112} INFO - Pudrete Flanders
[2021-06-15 22:25:10,062] {logging_mixin.py:112} INFO - Pudrete Flanders
[2021-06-15 22:25:10,064] {logging_mixin.py:112} INFO - Pudrete Flanders
[2021-06-15 22:25:10,066] {logging_mixin.py:112} INFO - Pudrete Flanders
[2021-06-15 22:25:10,068] {logging_mixin.py:112} INFO - Pudrete Flanders
[2021-06-15 22:25:10,071] {logging_mixin.py:112} INFO - Pudrete Flanders
[2021-06-15 22:25:10,073] {logging_mixin.py:112} INFO - Pudrete Flanders
[2021-06-15 22:25:10,075] {logging_mixin.py:112} INFO - Pudrete Flanders
[2021-06-15 22:25:10,077] {logging_mixin.py:112} INFO - Pudrete Flanders
[2021-06-15 22:25:10,080] {logging_mixin.py:112} INFO - Pudrete Flanders
[2021-06-15 22:25:10,082] {logging_mixin.py:112} INFO - Pudrete Flanders
[2021-06-15 22:25:10,084] {logging_mixin.py:112} INFO - Pudrete Flanders
[2021-06-15 22:25:10,086] {logging_mixin.py:112} INFO - Pudrete Flanders
[2021-06-15 22:25:10,088] {logging_mixin.py:112} INFO - Pudrete Flanders
[2021-06-15 22:25:10,090] {logging_mixin.py:112} INFO - Pudrete Flanders
[2021-06-15 22:25:10,092] {logging_mixin.py:112} INFO - Pudrete Flanders
[2021-06-15 22:25:10,094] {logging_mixin.py:112} INFO - Pudrete Flanders
[2021-06-15 22:25:10,096] {logging_mixin.py:112} INFO - Pudrete Flanders
[2021-06-15 22:25:10,099] {logging_mixin.py:112} INFO - Pudrete Flanders
[2021-06-15 22:25:10,101] {logging_mixin.py:112} INFO - Pudrete Flanders
[2021-06-15 22:25:10,103] {logging_mixin.py:112} INFO - Pudrete Flanders
[2021-06-15 22:25:10,105] {logging_mixin.py:112} INFO - Pudrete Flanders
[2021-06-15 22:25:10,107] {logging_mixin.py:112} INFO - Pudrete Flanders
[2021-06-15 22:25:10,110] {logging_mixin.py:112} INFO - Pudrete Flanders
[2021-06-15 22:25:10,113] {logging_mixin.py:112} INFO - Pudrete Flanders
[2021-06-15 22:25:10,115] {logging_mixin.py:112} INFO - Pudrete Flanders
[2021-06-15 22:25:10,117] {logging_mixin.py:112} INFO - Pudrete Flanders
[2021-06-15 22:25:10,119] {logging_mixin.py:112} INFO - Pudrete Flanders
[2021-06-15 22:25:10,122] {logging_mixin.py:112} INFO - Pudrete Flanders
[2021-06-15 22:25:10,125] {logging_mixin.py:112} INFO - Pudrete Flanders
[2021-06-15 22:25:10,129] {logging_mixin.py:112} INFO - Pudrete Flanders
[2021-06-15 22:25:10,133] {logging_mixin.py:112} INFO - Pudrete Flanders
[2021-06-15 22:25:10,136] {logging_mixin.py:112} INFO - Pudrete Flanders
[2021-06-15 22:25:10,161] {logging_mixin.py:112} INFO - Pudrete Flanders
[2021-06-15 22:25:10,165] {logging_mixin.py:112} INFO - Pudrete Flanders
[2021-06-15 22:25:10,177] {logging_mixin.py:112} INFO - Pudrete Flanders
[2021-06-15 22:25:10,181] {logging_mixin.py:112} INFO - Pudrete Flanders
[2021-06-15 22:25:10,185] {logging_mixin.py:112} INFO - Pudrete Flanders
[2021-06-15 22:25:10,191] {logging_mixin.py:112} INFO - Pudrete Flanders
[2021-06-15 22:25:10,197] {logging_mixin.py:112} INFO - Pudrete Flanders
[2021-06-15 22:25:10,256] {logging_mixin.py:112} INFO - Pudrete Flanders
[2021-06-15 22:25:10,260] {logging_mixin.py:112} INFO - Pudrete Flanders
[2021-06-15 22:25:10,267] {logging_mixin.py:112} INFO - Pudrete Flanders
[2021-06-15 22:25:10,282] {logging_mixin.py:112} INFO - Pudrete Flanders
[2021-06-15 22:25:10,284] {logging_mixin.py:112} INFO - Pudrete Flanders
[2021-06-15 22:25:10,286] {logging_mixin.py:112} INFO - Pudrete Flanders
[2021-06-15 22:25:10,288] {logging_mixin.py:112} INFO - Pudrete Flanders
[2021-06-15 22:25:10,291] {logging_mixin.py:112} INFO - Pudrete Flanders
[2021-06-15 22:25:10,293] {logging_mixin.py:112} INFO - Pudrete Flanders
[2021-06-15 22:25:10,294] {logging_mixin.py:112} INFO - Pudrete Flanders
[2021-06-15 22:25:10,296] {logging_mixin.py:112} INFO - Pudrete Flanders
[2021-06-15 22:25:10,298] {logging_mixin.py:112} INFO - Pudrete Flanders
[2021-06-15 22:25:10,299] {logging_mixin.py:112} INFO - Pudrete Flanders
[2021-06-15 22:25:10,301] {logging_mixin.py:112} INFO - Pudrete Flanders
[2021-06-15 22:25:10,303] {logging_mixin.py:112} INFO - Pudrete Flanders
[2021-06-15 22:25:10,305] {logging_mixin.py:112} INFO - Pudrete Flanders
[2021-06-15 22:25:10,307] {logging_mixin.py:112} INFO - Pudrete Flanders
[2021-06-15 22:25:10,309] {logging_mixin.py:112} INFO - Pudrete Flanders
[2021-06-15 22:25:10,310] {logging_mixin.py:112} INFO - Pudrete Flanders
[2021-06-15 22:25:10,312] {logging_mixin.py:112} INFO - Pudrete Flanders
[2021-06-15 22:25:10,314] {logging_mixin.py:112} INFO - Pudrete Flanders
[2021-06-15 22:25:10,316] {logging_mixin.py:112} INFO - Pudrete Flanders
[2021-06-15 22:25:10,317] {logging_mixin.py:112} INFO - Pudrete Flanders
[2021-06-15 22:25:10,320] {logging_mixin.py:112} INFO - Pudrete Flanders
[2021-06-15 22:25:10,323] {logging_mixin.py:112} INFO - Pudrete Flanders
[2021-06-15 22:25:10,326] {logging_mixin.py:112} INFO - Pudrete Flanders
[2021-06-15 22:25:10,329] {logging_mixin.py:112} INFO - Pudrete Flanders
[2021-06-15 22:25:10,331] {logging_mixin.py:112} INFO - Pudrete Flanders
[2021-06-15 22:25:10,333] {logging_mixin.py:112} INFO - Pudrete Flanders
[2021-06-15 22:25:10,335] {logging_mixin.py:112} INFO - Pudrete Flanders
[2021-06-15 22:25:10,337] {logging_mixin.py:112} INFO - Pudrete Flanders
[2021-06-15 22:25:10,341] {logging_mixin.py:112} INFO - Pudrete Flanders
[2021-06-15 22:25:10,342] {logging_mixin.py:112} INFO - Pudrete Flanders
[2021-06-15 22:25:10,344] {logging_mixin.py:112} INFO - Pudrete Flanders
[2021-06-15 22:25:10,346] {logging_mixin.py:112} INFO - Pudrete Flanders
[2021-06-15 22:25:10,348] {logging_mixin.py:112} INFO - Pudrete Flanders
[2021-06-15 22:25:10,350] {logging_mixin.py:112} INFO - Pudrete Flanders
[2021-06-15 22:25:10,352] {logging_mixin.py:112} INFO - Pudrete Flanders
[2021-06-15 22:25:10,353] {logging_mixin.py:112} INFO - Pudrete Flanders
[2021-06-15 22:25:10,355] {logging_mixin.py:112} INFO - Pudrete Flanders
[2021-06-15 22:25:10,357] {logging_mixin.py:112} INFO - Pudrete Flanders
[2021-06-15 22:25:10,375] {logging_mixin.py:112} INFO - Pudrete Flanders
[2021-06-15 22:25:10,377] {logging_mixin.py:112} INFO - Pudrete Flanders
[2021-06-15 22:25:10,380] {logging_mixin.py:112} INFO - Pudrete Flanders
[2021-06-15 22:25:10,382] {logging_mixin.py:112} INFO - Pudrete Flanders
[2021-06-15 22:25:10,389] {logging_mixin.py:112} INFO - Pudrete Flanders
[2021-06-15 22:25:10,399] {logging_mixin.py:112} INFO - Pudrete Flanders
[2021-06-15 22:25:10,401] {logging_mixin.py:112} INFO - Pudrete Flanders
[2021-06-15 22:25:10,405] {logging_mixin.py:112} INFO - Pudrete Flanders
[2021-06-15 22:25:10,408] {logging_mixin.py:112} INFO - Pudrete Flanders
[2021-06-15 22:25:10,411] {logging_mixin.py:112} INFO - Pudrete Flanders
[2021-06-15 22:25:10,416] {logging_mixin.py:112} INFO - Pudrete Flanders
[2021-06-15 22:25:10,419] {logging_mixin.py:112} INFO - Pudrete Flanders
[2021-06-15 22:25:10,421] {logging_mixin.py:112} INFO - Pudrete Flanders
[2021-06-15 22:25:10,423] {logging_mixin.py:112} INFO - Pudrete Flanders
[2021-06-15 22:25:10,426] {logging_mixin.py:112} INFO - Pudrete Flanders
[2021-06-15 22:25:10,429] {logging_mixin.py:112} INFO - Pudrete Flanders
[2021-06-15 22:25:10,431] {logging_mixin.py:112} INFO - Pudrete Flanders
[2021-06-15 22:25:10,436] {logging_mixin.py:112} INFO - Pudrete Flanders
[2021-06-15 22:25:10,437] {logging_mixin.py:112} INFO - Pudrete Flanders
[2021-06-15 22:25:10,438] {logging_mixin.py:112} INFO - Pudrete Flanders
[2021-06-15 22:25:10,440] {logging_mixin.py:112} INFO - Pudrete Flanders
[2021-06-15 22:25:10,441] {logging_mixin.py:112} INFO - Pudrete Flanders
[2021-06-15 22:25:10,442] {logging_mixin.py:112} INFO - Pudrete Flanders
[2021-06-15 22:25:10,444] {logging_mixin.py:112} INFO - Pudrete Flanders
[2021-06-15 22:25:10,445] {logging_mixin.py:112} INFO - Pudrete Flanders
[2021-06-15 22:25:10,446] {logging_mixin.py:112} INFO - Pudrete Flanders
[2021-06-15 22:25:10,447] {logging_mixin.py:112} INFO - Pudrete Flanders
[2021-06-15 22:25:10,449] {logging_mixin.py:112} INFO - Pudrete Flanders
[2021-06-15 22:25:10,451] {logging_mixin.py:112} INFO - Pudrete Flanders
[2021-06-15 22:25:10,452] {logging_mixin.py:112} INFO - Pudrete Flanders
[2021-06-15 22:25:10,454] {logging_mixin.py:112} INFO - Pudrete Flanders
[2021-06-15 22:25:10,456] {logging_mixin.py:112} INFO - Pudrete Flanders
[2021-06-15 22:25:10,457] {logging_mixin.py:112} INFO - Pudrete Flanders
[2021-06-15 22:25:10,458] {logging_mixin.py:112} INFO - Pudrete Flanders
[2021-06-15 22:25:10,460] {logging_mixin.py:112} INFO - Pudrete Flanders
[2021-06-15 22:25:10,461] {logging_mixin.py:112} INFO - Pudrete Flanders
[2021-06-15 22:25:10,462] {logging_mixin.py:112} INFO - Pudrete Flanders
[2021-06-15 22:25:10,464] {logging_mixin.py:112} INFO - Pudrete Flanders
[2021-06-15 22:25:10,465] {logging_mixin.py:112} INFO - Pudrete Flanders
[2021-06-15 22:25:10,467] {logging_mixin.py:112} INFO - Pudrete Flanders
[2021-06-15 22:25:10,468] {logging_mixin.py:112} INFO - Pudrete Flanders
[2021-06-15 22:25:10,470] {logging_mixin.py:112} INFO - Pudrete Flanders
[2021-06-15 22:25:10,479] {logging_mixin.py:112} INFO - Pudrete Flanders
[2021-06-15 22:25:10,480] {logging_mixin.py:112} INFO - Pudrete Flanders
[2021-06-15 22:25:10,481] {logging_mixin.py:112} INFO - Pudrete Flanders
[2021-06-15 22:25:10,483] {logging_mixin.py:112} INFO - Pudrete Flanders
[2021-06-15 22:25:10,484] {logging_mixin.py:112} INFO - Pudrete Flanders
[2021-06-15 22:25:10,486] {python_operator.py:114} INFO - Done. Returned value was: None
[2021-06-15 22:25:10,539] {taskinstance.py:1065} INFO - Marking task as SUCCESS.dag_id=dag_homer_simpson, task_id=tercera_parte, execution_date=20210615T222425, start_date=20210615T222509, end_date=20210615T222510
[2021-06-15 22:25:19,608] {logging_mixin.py:112} INFO - [2021-06-15 22:25:19,607] {local_task_job.py:103} INFO - Task exited with return code 0
