[2021-06-15 18:57:57,794] {scheduler_job.py:154} INFO - Started process (PID=20510) to work on /opt/airflow/dags/dag_hello_word.py
[2021-06-15 18:57:57,804] {scheduler_job.py:1562} INFO - Processing file /opt/airflow/dags/dag_hello_word.py for tasks to queue
[2021-06-15 18:57:57,806] {logging_mixin.py:112} INFO - [2021-06-15 18:57:57,806] {dagbag.py:396} INFO - Filling up the DagBag from /opt/airflow/dags/dag_hello_word.py
[2021-06-15 18:57:57,816] {scheduler_job.py:1576} WARNING - No viable dags retrieved from /opt/airflow/dags/dag_hello_word.py
[2021-06-15 18:57:57,878] {scheduler_job.py:162} INFO - Processing /opt/airflow/dags/dag_hello_word.py took 0.085 seconds
[2021-06-15 18:58:10,059] {scheduler_job.py:154} INFO - Started process (PID=20627) to work on /opt/airflow/dags/dag_hello_word.py
[2021-06-15 18:58:10,067] {scheduler_job.py:1562} INFO - Processing file /opt/airflow/dags/dag_hello_word.py for tasks to queue
[2021-06-15 18:58:10,079] {logging_mixin.py:112} INFO - [2021-06-15 18:58:10,079] {dagbag.py:396} INFO - Filling up the DagBag from /opt/airflow/dags/dag_hello_word.py
[2021-06-15 18:58:10,102] {scheduler_job.py:1576} WARNING - No viable dags retrieved from /opt/airflow/dags/dag_hello_word.py
[2021-06-15 18:58:10,158] {scheduler_job.py:162} INFO - Processing /opt/airflow/dags/dag_hello_word.py took 0.100 seconds
[2021-06-15 18:58:22,125] {scheduler_job.py:154} INFO - Started process (PID=20747) to work on /opt/airflow/dags/dag_hello_word.py
[2021-06-15 18:58:22,132] {scheduler_job.py:1562} INFO - Processing file /opt/airflow/dags/dag_hello_word.py for tasks to queue
[2021-06-15 18:58:22,135] {logging_mixin.py:112} INFO - [2021-06-15 18:58:22,135] {dagbag.py:396} INFO - Filling up the DagBag from /opt/airflow/dags/dag_hello_word.py
[2021-06-15 18:58:22,159] {scheduler_job.py:1576} WARNING - No viable dags retrieved from /opt/airflow/dags/dag_hello_word.py
[2021-06-15 18:58:22,212] {scheduler_job.py:162} INFO - Processing /opt/airflow/dags/dag_hello_word.py took 0.087 seconds
[2021-06-15 18:58:34,459] {scheduler_job.py:154} INFO - Started process (PID=20867) to work on /opt/airflow/dags/dag_hello_word.py
[2021-06-15 18:58:34,470] {scheduler_job.py:1562} INFO - Processing file /opt/airflow/dags/dag_hello_word.py for tasks to queue
[2021-06-15 18:58:34,475] {logging_mixin.py:112} INFO - [2021-06-15 18:58:34,474] {dagbag.py:396} INFO - Filling up the DagBag from /opt/airflow/dags/dag_hello_word.py
[2021-06-15 18:58:34,500] {scheduler_job.py:1576} WARNING - No viable dags retrieved from /opt/airflow/dags/dag_hello_word.py
[2021-06-15 18:58:34,549] {scheduler_job.py:162} INFO - Processing /opt/airflow/dags/dag_hello_word.py took 0.090 seconds
[2021-06-15 18:58:46,672] {scheduler_job.py:154} INFO - Started process (PID=20987) to work on /opt/airflow/dags/dag_hello_word.py
[2021-06-15 18:58:46,687] {scheduler_job.py:1562} INFO - Processing file /opt/airflow/dags/dag_hello_word.py for tasks to queue
[2021-06-15 18:58:46,696] {logging_mixin.py:112} INFO - [2021-06-15 18:58:46,694] {dagbag.py:396} INFO - Filling up the DagBag from /opt/airflow/dags/dag_hello_word.py
[2021-06-15 18:58:46,718] {scheduler_job.py:1576} WARNING - No viable dags retrieved from /opt/airflow/dags/dag_hello_word.py
[2021-06-15 18:58:46,745] {scheduler_job.py:162} INFO - Processing /opt/airflow/dags/dag_hello_word.py took 0.073 seconds
[2021-06-15 18:58:58,863] {scheduler_job.py:154} INFO - Started process (PID=21107) to work on /opt/airflow/dags/dag_hello_word.py
[2021-06-15 18:58:58,875] {scheduler_job.py:1562} INFO - Processing file /opt/airflow/dags/dag_hello_word.py for tasks to queue
[2021-06-15 18:58:58,878] {logging_mixin.py:112} INFO - [2021-06-15 18:58:58,877] {dagbag.py:396} INFO - Filling up the DagBag from /opt/airflow/dags/dag_hello_word.py
[2021-06-15 18:58:58,895] {scheduler_job.py:1576} WARNING - No viable dags retrieved from /opt/airflow/dags/dag_hello_word.py
[2021-06-15 18:58:58,925] {scheduler_job.py:162} INFO - Processing /opt/airflow/dags/dag_hello_word.py took 0.062 seconds
[2021-06-15 18:59:11,095] {scheduler_job.py:154} INFO - Started process (PID=21227) to work on /opt/airflow/dags/dag_hello_word.py
[2021-06-15 18:59:11,120] {scheduler_job.py:1562} INFO - Processing file /opt/airflow/dags/dag_hello_word.py for tasks to queue
[2021-06-15 18:59:11,129] {logging_mixin.py:112} INFO - [2021-06-15 18:59:11,126] {dagbag.py:396} INFO - Filling up the DagBag from /opt/airflow/dags/dag_hello_word.py
[2021-06-15 18:59:11,158] {scheduler_job.py:1576} WARNING - No viable dags retrieved from /opt/airflow/dags/dag_hello_word.py
[2021-06-15 18:59:11,208] {scheduler_job.py:162} INFO - Processing /opt/airflow/dags/dag_hello_word.py took 0.112 seconds
[2021-06-15 18:59:23,272] {scheduler_job.py:154} INFO - Started process (PID=21347) to work on /opt/airflow/dags/dag_hello_word.py
[2021-06-15 18:59:23,289] {scheduler_job.py:1562} INFO - Processing file /opt/airflow/dags/dag_hello_word.py for tasks to queue
[2021-06-15 18:59:23,296] {logging_mixin.py:112} INFO - [2021-06-15 18:59:23,296] {dagbag.py:396} INFO - Filling up the DagBag from /opt/airflow/dags/dag_hello_word.py
[2021-06-15 18:59:23,311] {scheduler_job.py:1576} WARNING - No viable dags retrieved from /opt/airflow/dags/dag_hello_word.py
[2021-06-15 18:59:23,358] {scheduler_job.py:162} INFO - Processing /opt/airflow/dags/dag_hello_word.py took 0.087 seconds
[2021-06-15 18:59:35,568] {scheduler_job.py:154} INFO - Started process (PID=21467) to work on /opt/airflow/dags/dag_hello_word.py
[2021-06-15 18:59:35,584] {scheduler_job.py:1562} INFO - Processing file /opt/airflow/dags/dag_hello_word.py for tasks to queue
[2021-06-15 18:59:35,591] {logging_mixin.py:112} INFO - [2021-06-15 18:59:35,589] {dagbag.py:396} INFO - Filling up the DagBag from /opt/airflow/dags/dag_hello_word.py
[2021-06-15 18:59:35,606] {scheduler_job.py:1576} WARNING - No viable dags retrieved from /opt/airflow/dags/dag_hello_word.py
[2021-06-15 18:59:35,642] {scheduler_job.py:162} INFO - Processing /opt/airflow/dags/dag_hello_word.py took 0.074 seconds
[2021-06-15 18:59:47,712] {scheduler_job.py:154} INFO - Started process (PID=21587) to work on /opt/airflow/dags/dag_hello_word.py
[2021-06-15 18:59:47,721] {scheduler_job.py:1562} INFO - Processing file /opt/airflow/dags/dag_hello_word.py for tasks to queue
[2021-06-15 18:59:47,726] {logging_mixin.py:112} INFO - [2021-06-15 18:59:47,725] {dagbag.py:396} INFO - Filling up the DagBag from /opt/airflow/dags/dag_hello_word.py
[2021-06-15 18:59:47,746] {scheduler_job.py:1576} WARNING - No viable dags retrieved from /opt/airflow/dags/dag_hello_word.py
[2021-06-15 18:59:47,789] {scheduler_job.py:162} INFO - Processing /opt/airflow/dags/dag_hello_word.py took 0.077 seconds
[2021-06-15 18:59:59,948] {scheduler_job.py:154} INFO - Started process (PID=21707) to work on /opt/airflow/dags/dag_hello_word.py
[2021-06-15 18:59:59,962] {scheduler_job.py:1562} INFO - Processing file /opt/airflow/dags/dag_hello_word.py for tasks to queue
[2021-06-15 18:59:59,968] {logging_mixin.py:112} INFO - [2021-06-15 18:59:59,967] {dagbag.py:396} INFO - Filling up the DagBag from /opt/airflow/dags/dag_hello_word.py
[2021-06-15 18:59:59,992] {scheduler_job.py:1576} WARNING - No viable dags retrieved from /opt/airflow/dags/dag_hello_word.py
[2021-06-15 19:00:00,040] {scheduler_job.py:162} INFO - Processing /opt/airflow/dags/dag_hello_word.py took 0.092 seconds
[2021-06-15 19:00:12,163] {scheduler_job.py:154} INFO - Started process (PID=21827) to work on /opt/airflow/dags/dag_hello_word.py
[2021-06-15 19:00:12,172] {scheduler_job.py:1562} INFO - Processing file /opt/airflow/dags/dag_hello_word.py for tasks to queue
[2021-06-15 19:00:12,177] {logging_mixin.py:112} INFO - [2021-06-15 19:00:12,176] {dagbag.py:396} INFO - Filling up the DagBag from /opt/airflow/dags/dag_hello_word.py
[2021-06-15 19:00:12,200] {scheduler_job.py:1576} WARNING - No viable dags retrieved from /opt/airflow/dags/dag_hello_word.py
[2021-06-15 19:00:12,262] {scheduler_job.py:162} INFO - Processing /opt/airflow/dags/dag_hello_word.py took 0.100 seconds
[2021-06-15 19:00:24,372] {scheduler_job.py:154} INFO - Started process (PID=21947) to work on /opt/airflow/dags/dag_hello_word.py
[2021-06-15 19:00:24,388] {scheduler_job.py:1562} INFO - Processing file /opt/airflow/dags/dag_hello_word.py for tasks to queue
[2021-06-15 19:00:24,394] {logging_mixin.py:112} INFO - [2021-06-15 19:00:24,390] {dagbag.py:396} INFO - Filling up the DagBag from /opt/airflow/dags/dag_hello_word.py
[2021-06-15 19:00:24,430] {scheduler_job.py:1576} WARNING - No viable dags retrieved from /opt/airflow/dags/dag_hello_word.py
[2021-06-15 19:00:24,488] {scheduler_job.py:162} INFO - Processing /opt/airflow/dags/dag_hello_word.py took 0.116 seconds
[2021-06-15 19:00:36,578] {scheduler_job.py:154} INFO - Started process (PID=22067) to work on /opt/airflow/dags/dag_hello_word.py
[2021-06-15 19:00:36,595] {scheduler_job.py:1562} INFO - Processing file /opt/airflow/dags/dag_hello_word.py for tasks to queue
[2021-06-15 19:00:36,598] {logging_mixin.py:112} INFO - [2021-06-15 19:00:36,597] {dagbag.py:396} INFO - Filling up the DagBag from /opt/airflow/dags/dag_hello_word.py
[2021-06-15 19:00:36,637] {scheduler_job.py:1576} WARNING - No viable dags retrieved from /opt/airflow/dags/dag_hello_word.py
[2021-06-15 19:00:36,681] {scheduler_job.py:162} INFO - Processing /opt/airflow/dags/dag_hello_word.py took 0.103 seconds
[2021-06-15 19:00:48,695] {scheduler_job.py:154} INFO - Started process (PID=22187) to work on /opt/airflow/dags/dag_hello_word.py
[2021-06-15 19:00:48,703] {scheduler_job.py:1562} INFO - Processing file /opt/airflow/dags/dag_hello_word.py for tasks to queue
[2021-06-15 19:00:48,709] {logging_mixin.py:112} INFO - [2021-06-15 19:00:48,708] {dagbag.py:396} INFO - Filling up the DagBag from /opt/airflow/dags/dag_hello_word.py
[2021-06-15 19:00:48,728] {scheduler_job.py:1576} WARNING - No viable dags retrieved from /opt/airflow/dags/dag_hello_word.py
[2021-06-15 19:00:48,770] {scheduler_job.py:162} INFO - Processing /opt/airflow/dags/dag_hello_word.py took 0.075 seconds
[2021-06-15 19:01:00,991] {scheduler_job.py:154} INFO - Started process (PID=22307) to work on /opt/airflow/dags/dag_hello_word.py
[2021-06-15 19:01:01,007] {scheduler_job.py:1562} INFO - Processing file /opt/airflow/dags/dag_hello_word.py for tasks to queue
[2021-06-15 19:01:01,011] {logging_mixin.py:112} INFO - [2021-06-15 19:01:01,009] {dagbag.py:396} INFO - Filling up the DagBag from /opt/airflow/dags/dag_hello_word.py
[2021-06-15 19:01:01,056] {scheduler_job.py:1576} WARNING - No viable dags retrieved from /opt/airflow/dags/dag_hello_word.py
[2021-06-15 19:01:01,101] {scheduler_job.py:162} INFO - Processing /opt/airflow/dags/dag_hello_word.py took 0.110 seconds
[2021-06-15 19:01:13,165] {scheduler_job.py:154} INFO - Started process (PID=22427) to work on /opt/airflow/dags/dag_hello_word.py
[2021-06-15 19:01:13,180] {scheduler_job.py:1562} INFO - Processing file /opt/airflow/dags/dag_hello_word.py for tasks to queue
[2021-06-15 19:01:13,186] {logging_mixin.py:112} INFO - [2021-06-15 19:01:13,184] {dagbag.py:396} INFO - Filling up the DagBag from /opt/airflow/dags/dag_hello_word.py
[2021-06-15 19:01:13,208] {scheduler_job.py:1576} WARNING - No viable dags retrieved from /opt/airflow/dags/dag_hello_word.py
[2021-06-15 19:01:13,268] {scheduler_job.py:162} INFO - Processing /opt/airflow/dags/dag_hello_word.py took 0.103 seconds
[2021-06-15 19:01:25,336] {scheduler_job.py:154} INFO - Started process (PID=22547) to work on /opt/airflow/dags/dag_hello_word.py
[2021-06-15 19:01:25,341] {scheduler_job.py:1562} INFO - Processing file /opt/airflow/dags/dag_hello_word.py for tasks to queue
[2021-06-15 19:01:25,343] {logging_mixin.py:112} INFO - [2021-06-15 19:01:25,343] {dagbag.py:396} INFO - Filling up the DagBag from /opt/airflow/dags/dag_hello_word.py
[2021-06-15 19:01:25,362] {scheduler_job.py:1576} WARNING - No viable dags retrieved from /opt/airflow/dags/dag_hello_word.py
[2021-06-15 19:01:25,390] {scheduler_job.py:162} INFO - Processing /opt/airflow/dags/dag_hello_word.py took 0.055 seconds
[2021-06-15 19:01:37,582] {scheduler_job.py:154} INFO - Started process (PID=22667) to work on /opt/airflow/dags/dag_hello_word.py
[2021-06-15 19:01:37,603] {scheduler_job.py:1562} INFO - Processing file /opt/airflow/dags/dag_hello_word.py for tasks to queue
[2021-06-15 19:01:37,605] {logging_mixin.py:112} INFO - [2021-06-15 19:01:37,605] {dagbag.py:396} INFO - Filling up the DagBag from /opt/airflow/dags/dag_hello_word.py
[2021-06-15 19:01:37,614] {scheduler_job.py:1576} WARNING - No viable dags retrieved from /opt/airflow/dags/dag_hello_word.py
[2021-06-15 19:01:37,651] {scheduler_job.py:162} INFO - Processing /opt/airflow/dags/dag_hello_word.py took 0.069 seconds
[2021-06-15 19:01:49,817] {scheduler_job.py:154} INFO - Started process (PID=22787) to work on /opt/airflow/dags/dag_hello_word.py
[2021-06-15 19:01:49,845] {scheduler_job.py:1562} INFO - Processing file /opt/airflow/dags/dag_hello_word.py for tasks to queue
[2021-06-15 19:01:49,848] {logging_mixin.py:112} INFO - [2021-06-15 19:01:49,847] {dagbag.py:396} INFO - Filling up the DagBag from /opt/airflow/dags/dag_hello_word.py
[2021-06-15 19:01:49,863] {scheduler_job.py:1576} WARNING - No viable dags retrieved from /opt/airflow/dags/dag_hello_word.py
[2021-06-15 19:01:49,907] {scheduler_job.py:162} INFO - Processing /opt/airflow/dags/dag_hello_word.py took 0.090 seconds
[2021-06-15 19:02:02,112] {scheduler_job.py:154} INFO - Started process (PID=22907) to work on /opt/airflow/dags/dag_hello_word.py
[2021-06-15 19:02:02,127] {scheduler_job.py:1562} INFO - Processing file /opt/airflow/dags/dag_hello_word.py for tasks to queue
[2021-06-15 19:02:02,132] {logging_mixin.py:112} INFO - [2021-06-15 19:02:02,132] {dagbag.py:396} INFO - Filling up the DagBag from /opt/airflow/dags/dag_hello_word.py
[2021-06-15 19:02:02,153] {scheduler_job.py:1576} WARNING - No viable dags retrieved from /opt/airflow/dags/dag_hello_word.py
[2021-06-15 19:02:02,198] {scheduler_job.py:162} INFO - Processing /opt/airflow/dags/dag_hello_word.py took 0.085 seconds
[2021-06-15 19:02:14,291] {scheduler_job.py:154} INFO - Started process (PID=23027) to work on /opt/airflow/dags/dag_hello_word.py
[2021-06-15 19:02:14,298] {scheduler_job.py:1562} INFO - Processing file /opt/airflow/dags/dag_hello_word.py for tasks to queue
[2021-06-15 19:02:14,301] {logging_mixin.py:112} INFO - [2021-06-15 19:02:14,300] {dagbag.py:396} INFO - Filling up the DagBag from /opt/airflow/dags/dag_hello_word.py
[2021-06-15 19:02:14,322] {scheduler_job.py:1576} WARNING - No viable dags retrieved from /opt/airflow/dags/dag_hello_word.py
[2021-06-15 19:02:14,364] {scheduler_job.py:162} INFO - Processing /opt/airflow/dags/dag_hello_word.py took 0.073 seconds
[2021-06-15 19:02:26,466] {scheduler_job.py:154} INFO - Started process (PID=23147) to work on /opt/airflow/dags/dag_hello_word.py
[2021-06-15 19:02:26,471] {scheduler_job.py:1562} INFO - Processing file /opt/airflow/dags/dag_hello_word.py for tasks to queue
[2021-06-15 19:02:26,483] {logging_mixin.py:112} INFO - [2021-06-15 19:02:26,482] {dagbag.py:396} INFO - Filling up the DagBag from /opt/airflow/dags/dag_hello_word.py
[2021-06-15 19:02:26,502] {scheduler_job.py:1576} WARNING - No viable dags retrieved from /opt/airflow/dags/dag_hello_word.py
[2021-06-15 19:02:26,567] {scheduler_job.py:162} INFO - Processing /opt/airflow/dags/dag_hello_word.py took 0.102 seconds
[2021-06-15 19:02:38,731] {scheduler_job.py:154} INFO - Started process (PID=23267) to work on /opt/airflow/dags/dag_hello_word.py
[2021-06-15 19:02:38,738] {scheduler_job.py:1562} INFO - Processing file /opt/airflow/dags/dag_hello_word.py for tasks to queue
[2021-06-15 19:02:38,740] {logging_mixin.py:112} INFO - [2021-06-15 19:02:38,740] {dagbag.py:396} INFO - Filling up the DagBag from /opt/airflow/dags/dag_hello_word.py
[2021-06-15 19:02:38,759] {scheduler_job.py:1576} WARNING - No viable dags retrieved from /opt/airflow/dags/dag_hello_word.py
[2021-06-15 19:02:38,787] {scheduler_job.py:162} INFO - Processing /opt/airflow/dags/dag_hello_word.py took 0.056 seconds
[2021-06-15 19:02:50,982] {scheduler_job.py:154} INFO - Started process (PID=23387) to work on /opt/airflow/dags/dag_hello_word.py
[2021-06-15 19:02:51,009] {scheduler_job.py:1562} INFO - Processing file /opt/airflow/dags/dag_hello_word.py for tasks to queue
[2021-06-15 19:02:51,011] {logging_mixin.py:112} INFO - [2021-06-15 19:02:51,011] {dagbag.py:396} INFO - Filling up the DagBag from /opt/airflow/dags/dag_hello_word.py
[2021-06-15 19:02:51,036] {scheduler_job.py:1576} WARNING - No viable dags retrieved from /opt/airflow/dags/dag_hello_word.py
[2021-06-15 19:02:51,078] {scheduler_job.py:162} INFO - Processing /opt/airflow/dags/dag_hello_word.py took 0.095 seconds
[2021-06-15 19:03:03,258] {scheduler_job.py:154} INFO - Started process (PID=23507) to work on /opt/airflow/dags/dag_hello_word.py
[2021-06-15 19:03:03,275] {scheduler_job.py:1562} INFO - Processing file /opt/airflow/dags/dag_hello_word.py for tasks to queue
[2021-06-15 19:03:03,279] {logging_mixin.py:112} INFO - [2021-06-15 19:03:03,277] {dagbag.py:396} INFO - Filling up the DagBag from /opt/airflow/dags/dag_hello_word.py
[2021-06-15 19:03:03,302] {scheduler_job.py:1576} WARNING - No viable dags retrieved from /opt/airflow/dags/dag_hello_word.py
[2021-06-15 19:03:03,351] {scheduler_job.py:162} INFO - Processing /opt/airflow/dags/dag_hello_word.py took 0.093 seconds
[2021-06-15 19:03:15,494] {scheduler_job.py:154} INFO - Started process (PID=23627) to work on /opt/airflow/dags/dag_hello_word.py
[2021-06-15 19:03:15,505] {scheduler_job.py:1562} INFO - Processing file /opt/airflow/dags/dag_hello_word.py for tasks to queue
[2021-06-15 19:03:15,520] {logging_mixin.py:112} INFO - [2021-06-15 19:03:15,509] {dagbag.py:396} INFO - Filling up the DagBag from /opt/airflow/dags/dag_hello_word.py
[2021-06-15 19:03:15,538] {scheduler_job.py:1576} WARNING - No viable dags retrieved from /opt/airflow/dags/dag_hello_word.py
[2021-06-15 19:03:15,544] {scheduler_job.py:162} INFO - Processing /opt/airflow/dags/dag_hello_word.py took 0.049 seconds
[2021-06-15 19:03:27,632] {scheduler_job.py:154} INFO - Started process (PID=23747) to work on /opt/airflow/dags/dag_hello_word.py
[2021-06-15 19:03:27,643] {scheduler_job.py:1562} INFO - Processing file /opt/airflow/dags/dag_hello_word.py for tasks to queue
[2021-06-15 19:03:27,646] {logging_mixin.py:112} INFO - [2021-06-15 19:03:27,645] {dagbag.py:396} INFO - Filling up the DagBag from /opt/airflow/dags/dag_hello_word.py
[2021-06-15 19:03:27,651] {scheduler_job.py:1576} WARNING - No viable dags retrieved from /opt/airflow/dags/dag_hello_word.py
[2021-06-15 19:03:27,654] {scheduler_job.py:162} INFO - Processing /opt/airflow/dags/dag_hello_word.py took 0.023 seconds
[2021-06-15 19:03:39,899] {scheduler_job.py:154} INFO - Started process (PID=23867) to work on /opt/airflow/dags/dag_hello_word.py
[2021-06-15 19:03:39,915] {scheduler_job.py:1562} INFO - Processing file /opt/airflow/dags/dag_hello_word.py for tasks to queue
[2021-06-15 19:03:39,923] {logging_mixin.py:112} INFO - [2021-06-15 19:03:39,923] {dagbag.py:396} INFO - Filling up the DagBag from /opt/airflow/dags/dag_hello_word.py
[2021-06-15 19:03:39,929] {scheduler_job.py:1576} WARNING - No viable dags retrieved from /opt/airflow/dags/dag_hello_word.py
[2021-06-15 19:03:39,931] {scheduler_job.py:162} INFO - Processing /opt/airflow/dags/dag_hello_word.py took 0.033 seconds
[2021-06-15 19:03:52,135] {scheduler_job.py:154} INFO - Started process (PID=23987) to work on /opt/airflow/dags/dag_hello_word.py
[2021-06-15 19:03:52,156] {scheduler_job.py:1562} INFO - Processing file /opt/airflow/dags/dag_hello_word.py for tasks to queue
[2021-06-15 19:03:52,159] {logging_mixin.py:112} INFO - [2021-06-15 19:03:52,158] {dagbag.py:396} INFO - Filling up the DagBag from /opt/airflow/dags/dag_hello_word.py
[2021-06-15 19:03:52,168] {scheduler_job.py:1576} WARNING - No viable dags retrieved from /opt/airflow/dags/dag_hello_word.py
[2021-06-15 19:03:52,171] {scheduler_job.py:162} INFO - Processing /opt/airflow/dags/dag_hello_word.py took 0.036 seconds
