[2021-06-17 18:34:47,376] {scheduler_job.py:154} INFO - Started process (PID=211) to work on /opt/airflow/dags/dag_homer_simpson.py
[2021-06-17 18:34:47,384] {scheduler_job.py:1562} INFO - Processing file /opt/airflow/dags/dag_homer_simpson.py for tasks to queue
[2021-06-17 18:34:47,395] {logging_mixin.py:112} INFO - [2021-06-17 18:34:47,395] {dagbag.py:396} INFO - Filling up the DagBag from /opt/airflow/dags/dag_homer_simpson.py
[2021-06-17 18:34:47,439] {scheduler_job.py:1574} INFO - DAG(s) dict_keys(['dag_homer_simpson']) retrieved from /opt/airflow/dags/dag_homer_simpson.py
[2021-06-17 18:34:47,535] {scheduler_job.py:1284} INFO - Processing dag_homer_simpson
[2021-06-17 18:34:47,647] {scheduler_job.py:447} INFO - Skipping SLA check for <DAG: dag_homer_simpson> because no tasks in DAG have SLAs
[2021-06-17 18:34:47,655] {scheduler_job.py:162} INFO - Processing /opt/airflow/dags/dag_homer_simpson.py took 0.279 seconds
[2021-06-17 18:35:00,561] {scheduler_job.py:154} INFO - Started process (PID=340) to work on /opt/airflow/dags/dag_homer_simpson.py
[2021-06-17 18:35:00,575] {scheduler_job.py:1562} INFO - Processing file /opt/airflow/dags/dag_homer_simpson.py for tasks to queue
[2021-06-17 18:35:00,579] {logging_mixin.py:112} INFO - [2021-06-17 18:35:00,579] {dagbag.py:396} INFO - Filling up the DagBag from /opt/airflow/dags/dag_homer_simpson.py
[2021-06-17 18:35:00,617] {scheduler_job.py:1574} INFO - DAG(s) dict_keys(['dag_homer_simpson']) retrieved from /opt/airflow/dags/dag_homer_simpson.py
[2021-06-17 18:35:00,838] {scheduler_job.py:1284} INFO - Processing dag_homer_simpson
[2021-06-17 18:35:00,855] {scheduler_job.py:447} INFO - Skipping SLA check for <DAG: dag_homer_simpson> because no tasks in DAG have SLAs
[2021-06-17 18:35:00,864] {scheduler_job.py:162} INFO - Processing /opt/airflow/dags/dag_homer_simpson.py took 0.303 seconds
[2021-06-17 18:35:13,925] {scheduler_job.py:154} INFO - Started process (PID=469) to work on /opt/airflow/dags/dag_homer_simpson.py
[2021-06-17 18:35:13,937] {scheduler_job.py:1562} INFO - Processing file /opt/airflow/dags/dag_homer_simpson.py for tasks to queue
[2021-06-17 18:35:13,940] {logging_mixin.py:112} INFO - [2021-06-17 18:35:13,940] {dagbag.py:396} INFO - Filling up the DagBag from /opt/airflow/dags/dag_homer_simpson.py
[2021-06-17 18:35:13,971] {scheduler_job.py:1574} INFO - DAG(s) dict_keys(['dag_homer_simpson']) retrieved from /opt/airflow/dags/dag_homer_simpson.py
[2021-06-17 18:35:14,313] {scheduler_job.py:1284} INFO - Processing dag_homer_simpson
[2021-06-17 18:35:14,347] {scheduler_job.py:447} INFO - Skipping SLA check for <DAG: dag_homer_simpson> because no tasks in DAG have SLAs
[2021-06-17 18:35:14,359] {scheduler_job.py:162} INFO - Processing /opt/airflow/dags/dag_homer_simpson.py took 0.434 seconds
[2021-06-17 18:35:26,207] {scheduler_job.py:154} INFO - Started process (PID=589) to work on /opt/airflow/dags/dag_homer_simpson.py
[2021-06-17 18:35:26,228] {scheduler_job.py:1562} INFO - Processing file /opt/airflow/dags/dag_homer_simpson.py for tasks to queue
[2021-06-17 18:35:26,236] {logging_mixin.py:112} INFO - [2021-06-17 18:35:26,236] {dagbag.py:396} INFO - Filling up the DagBag from /opt/airflow/dags/dag_homer_simpson.py
[2021-06-17 18:35:26,265] {scheduler_job.py:1574} INFO - DAG(s) dict_keys(['dag_homer_simpson']) retrieved from /opt/airflow/dags/dag_homer_simpson.py
[2021-06-17 18:35:26,430] {scheduler_job.py:1284} INFO - Processing dag_homer_simpson
[2021-06-17 18:35:26,451] {scheduler_job.py:447} INFO - Skipping SLA check for <DAG: dag_homer_simpson> because no tasks in DAG have SLAs
[2021-06-17 18:35:26,462] {scheduler_job.py:162} INFO - Processing /opt/airflow/dags/dag_homer_simpson.py took 0.254 seconds
[2021-06-17 18:35:38,464] {scheduler_job.py:154} INFO - Started process (PID=709) to work on /opt/airflow/dags/dag_homer_simpson.py
[2021-06-17 18:35:38,472] {scheduler_job.py:1562} INFO - Processing file /opt/airflow/dags/dag_homer_simpson.py for tasks to queue
[2021-06-17 18:35:38,476] {logging_mixin.py:112} INFO - [2021-06-17 18:35:38,475] {dagbag.py:396} INFO - Filling up the DagBag from /opt/airflow/dags/dag_homer_simpson.py
[2021-06-17 18:35:38,538] {scheduler_job.py:1574} INFO - DAG(s) dict_keys(['dag_homer_simpson']) retrieved from /opt/airflow/dags/dag_homer_simpson.py
[2021-06-17 18:35:38,855] {scheduler_job.py:1284} INFO - Processing dag_homer_simpson
[2021-06-17 18:35:38,884] {scheduler_job.py:447} INFO - Skipping SLA check for <DAG: dag_homer_simpson> because no tasks in DAG have SLAs
[2021-06-17 18:35:38,902] {scheduler_job.py:162} INFO - Processing /opt/airflow/dags/dag_homer_simpson.py took 0.438 seconds
[2021-06-17 18:35:50,701] {scheduler_job.py:154} INFO - Started process (PID=829) to work on /opt/airflow/dags/dag_homer_simpson.py
[2021-06-17 18:35:50,722] {scheduler_job.py:1562} INFO - Processing file /opt/airflow/dags/dag_homer_simpson.py for tasks to queue
[2021-06-17 18:35:50,724] {logging_mixin.py:112} INFO - [2021-06-17 18:35:50,724] {dagbag.py:396} INFO - Filling up the DagBag from /opt/airflow/dags/dag_homer_simpson.py
[2021-06-17 18:35:50,756] {scheduler_job.py:1574} INFO - DAG(s) dict_keys(['dag_homer_simpson']) retrieved from /opt/airflow/dags/dag_homer_simpson.py
[2021-06-17 18:35:50,950] {scheduler_job.py:1284} INFO - Processing dag_homer_simpson
[2021-06-17 18:35:50,970] {scheduler_job.py:447} INFO - Skipping SLA check for <DAG: dag_homer_simpson> because no tasks in DAG have SLAs
[2021-06-17 18:35:50,979] {scheduler_job.py:162} INFO - Processing /opt/airflow/dags/dag_homer_simpson.py took 0.279 seconds
[2021-06-17 18:36:02,938] {scheduler_job.py:154} INFO - Started process (PID=949) to work on /opt/airflow/dags/dag_homer_simpson.py
[2021-06-17 18:36:02,950] {scheduler_job.py:1562} INFO - Processing file /opt/airflow/dags/dag_homer_simpson.py for tasks to queue
[2021-06-17 18:36:02,953] {logging_mixin.py:112} INFO - [2021-06-17 18:36:02,952] {dagbag.py:396} INFO - Filling up the DagBag from /opt/airflow/dags/dag_homer_simpson.py
[2021-06-17 18:36:02,981] {scheduler_job.py:1574} INFO - DAG(s) dict_keys(['dag_homer_simpson']) retrieved from /opt/airflow/dags/dag_homer_simpson.py
[2021-06-17 18:36:03,304] {scheduler_job.py:1284} INFO - Processing dag_homer_simpson
[2021-06-17 18:36:03,330] {scheduler_job.py:447} INFO - Skipping SLA check for <DAG: dag_homer_simpson> because no tasks in DAG have SLAs
[2021-06-17 18:36:03,340] {scheduler_job.py:162} INFO - Processing /opt/airflow/dags/dag_homer_simpson.py took 0.403 seconds
[2021-06-17 18:36:16,310] {scheduler_job.py:154} INFO - Started process (PID=1065) to work on /opt/airflow/dags/dag_homer_simpson.py
[2021-06-17 18:36:16,331] {scheduler_job.py:1562} INFO - Processing file /opt/airflow/dags/dag_homer_simpson.py for tasks to queue
[2021-06-17 18:36:16,335] {logging_mixin.py:112} INFO - [2021-06-17 18:36:16,335] {dagbag.py:396} INFO - Filling up the DagBag from /opt/airflow/dags/dag_homer_simpson.py
[2021-06-17 18:36:16,473] {scheduler_job.py:1574} INFO - DAG(s) dict_keys(['dag_homer_simpson']) retrieved from /opt/airflow/dags/dag_homer_simpson.py
[2021-06-17 18:36:17,949] {scheduler_job.py:1284} INFO - Processing dag_homer_simpson
[2021-06-17 18:36:18,232] {scheduler_job.py:447} INFO - Skipping SLA check for <DAG: dag_homer_simpson> because no tasks in DAG have SLAs
[2021-06-17 18:36:18,300] {scheduler_job.py:162} INFO - Processing /opt/airflow/dags/dag_homer_simpson.py took 1.991 seconds
[2021-06-17 18:36:32,530] {scheduler_job.py:154} INFO - Started process (PID=1189) to work on /opt/airflow/dags/dag_homer_simpson.py
[2021-06-17 18:36:32,550] {scheduler_job.py:1562} INFO - Processing file /opt/airflow/dags/dag_homer_simpson.py for tasks to queue
[2021-06-17 18:36:32,554] {logging_mixin.py:112} INFO - [2021-06-17 18:36:32,554] {dagbag.py:396} INFO - Filling up the DagBag from /opt/airflow/dags/dag_homer_simpson.py
[2021-06-17 18:36:32,629] {scheduler_job.py:1574} INFO - DAG(s) dict_keys(['dag_homer_simpson']) retrieved from /opt/airflow/dags/dag_homer_simpson.py
[2021-06-17 18:36:33,091] {scheduler_job.py:1284} INFO - Processing dag_homer_simpson
[2021-06-17 18:36:33,137] {scheduler_job.py:447} INFO - Skipping SLA check for <DAG: dag_homer_simpson> because no tasks in DAG have SLAs
[2021-06-17 18:36:33,152] {scheduler_job.py:162} INFO - Processing /opt/airflow/dags/dag_homer_simpson.py took 0.622 seconds
[2021-06-17 18:36:33,185] {scheduler_job.py:411} INFO - Exiting gracefully upon receiving signal 15
[2021-06-17 18:37:19,820] {scheduler_job.py:154} INFO - Started process (PID=243) to work on /opt/airflow/dags/dag_homer_simpson.py
[2021-06-17 18:37:19,838] {scheduler_job.py:1562} INFO - Processing file /opt/airflow/dags/dag_homer_simpson.py for tasks to queue
[2021-06-17 18:37:19,843] {logging_mixin.py:112} INFO - [2021-06-17 18:37:19,843] {dagbag.py:396} INFO - Filling up the DagBag from /opt/airflow/dags/dag_homer_simpson.py
[2021-06-17 18:37:19,989] {scheduler_job.py:1574} INFO - DAG(s) dict_keys(['dag_homer_simpson']) retrieved from /opt/airflow/dags/dag_homer_simpson.py
[2021-06-17 18:37:20,366] {scheduler_job.py:1284} INFO - Processing dag_homer_simpson
[2021-06-17 18:37:20,981] {scheduler_job.py:447} INFO - Skipping SLA check for <DAG: dag_homer_simpson> because no tasks in DAG have SLAs
[2021-06-17 18:37:21,018] {scheduler_job.py:162} INFO - Processing /opt/airflow/dags/dag_homer_simpson.py took 1.198 seconds
[2021-06-17 18:37:34,326] {scheduler_job.py:154} INFO - Started process (PID=377) to work on /opt/airflow/dags/dag_homer_simpson.py
[2021-06-17 18:37:34,372] {scheduler_job.py:1562} INFO - Processing file /opt/airflow/dags/dag_homer_simpson.py for tasks to queue
[2021-06-17 18:37:34,382] {logging_mixin.py:112} INFO - [2021-06-17 18:37:34,375] {dagbag.py:396} INFO - Filling up the DagBag from /opt/airflow/dags/dag_homer_simpson.py
[2021-06-17 18:37:34,456] {scheduler_job.py:1574} INFO - DAG(s) dict_keys(['dag_homer_simpson']) retrieved from /opt/airflow/dags/dag_homer_simpson.py
[2021-06-17 18:37:34,945] {scheduler_job.py:1284} INFO - Processing dag_homer_simpson
[2021-06-17 18:37:34,976] {scheduler_job.py:447} INFO - Skipping SLA check for <DAG: dag_homer_simpson> because no tasks in DAG have SLAs
[2021-06-17 18:37:34,985] {scheduler_job.py:162} INFO - Processing /opt/airflow/dags/dag_homer_simpson.py took 0.660 seconds
